<?xml version="1.0" encoding="UTF-8"?>
<testng-results skipped="0" failed="0" ignored="0" total="1" passed="1">
  <reporter-output>
  </reporter-output>
  <suite name="Default suite" duration-ms="12967" started-at="2019-05-06T04:54:13Z" finished-at="2019-05-06T04:54:26Z">
    <groups>
    </groups>
    <test name="Default test" duration-ms="12967" started-at="2019-05-06T04:54:13Z" finished-at="2019-05-06T04:54:26Z">
      <class name="com.automationFramework.TestForBrokenLinks">
        <test-method status="PASS" signature="InitiateDriver()[pri:0, instance:com.automationFramework.TestForBrokenLinks@569cfc36]" name="InitiateDriver" is-config="true" duration-ms="5814" started-at="2019-05-06T04:54:13Z" finished-at="2019-05-06T04:54:19Z">
          <reporter-output>
          </reporter-output>
        </test-method> <!-- InitiateDriver -->
        <test-method status="PASS" signature="CheckLinks()[pri:0, instance:com.automationFramework.TestForBrokenLinks@569cfc36]" name="CheckLinks" duration-ms="5997" started-at="2019-05-06T04:54:19Z" finished-at="2019-05-06T04:54:25Z">
          <reporter-output>
          </reporter-output>
        </test-method> <!-- CheckLinks -->
        <test-method status="PASS" signature="Close()[pri:0, instance:com.automationFramework.TestForBrokenLinks@569cfc36]" name="Close" is-config="true" duration-ms="1137" started-at="2019-05-06T04:54:25Z" finished-at="2019-05-06T04:54:26Z">
          <reporter-output>
          </reporter-output>
        </test-method> <!-- Close -->
      </class> <!-- com.automationFramework.TestForBrokenLinks -->
    </test> <!-- Default test -->
  </suite> <!-- Default suite -->
</testng-results>
